{"message":"server start..","level":"info","timestamp":"2020-07-31 14:07:56"}
{"message":"server start..","level":"info","timestamp":"2020-07-31 14:12:33"}
{"message":"\u001b[0mGET / \u001b[36m304 \u001b[0m31.518 ms - -\u001b[0m\n","level":"info","timestamp":"2020-07-31 14:12:57"}
{"message":"\u001b[0mGET /stylesheets/style.css \u001b[32m200 \u001b[0m12.152 ms - 111\u001b[0m\n","level":"info","timestamp":"2020-07-31 14:12:57"}
{"message":"\u001b[0mGET / \u001b[36m304 \u001b[0m2.211 ms - -\u001b[0m\n","level":"info","timestamp":"2020-07-31 14:13:01"}
{"message":"\u001b[0mGET /stylesheets/style.css \u001b[36m304 \u001b[0m4.147 ms - -\u001b[0m\n","level":"info","timestamp":"2020-07-31 14:13:02"}
{"message":"\u001b[0mGET / \u001b[36m304 \u001b[0m1.551 ms - -\u001b[0m\n","level":"info","timestamp":"2020-07-31 14:13:02"}
{"message":"\u001b[0mGET /stylesheets/style.css \u001b[36m304 \u001b[0m1.397 ms - -\u001b[0m\n","level":"info","timestamp":"2020-07-31 14:13:03"}
{"message":"\u001b[0mGET / \u001b[36m304 \u001b[0m2.464 ms - -\u001b[0m\n","level":"info","timestamp":"2020-07-31 14:13:04"}
{"message":"\u001b[0mGET /stylesheets/style.css \u001b[36m304 \u001b[0m1.270 ms - -\u001b[0m\n","level":"info","timestamp":"2020-07-31 14:13:04"}
{"message":"\u001b[0mGET / \u001b[32m200 \u001b[0m2.125 ms - 207\u001b[0m\n","level":"info","timestamp":"2020-07-31 14:13:19"}
{"message":"\u001b[0mGET /stylesheets/style.css \u001b[32m200 \u001b[0m4.658 ms - 111\u001b[0m\n","level":"info","timestamp":"2020-07-31 14:13:20"}
{"message":"\u001b[0mGET /favicon.ico \u001b[33m404 \u001b[0m3.327 ms - 1056\u001b[0m\n","level":"info","timestamp":"2020-07-31 14:13:20"}
{"message":"\u001b[0mGET / \u001b[36m304 \u001b[0m1.581 ms - -\u001b[0m\n","level":"info","timestamp":"2020-07-31 14:13:23"}
{"message":"\u001b[0mGET /stylesheets/style.css \u001b[36m304 \u001b[0m0.861 ms - -\u001b[0m\n","level":"info","timestamp":"2020-07-31 14:13:23"}
{"message":"\u001b[0mGET /favicon.ico \u001b[33m404 \u001b[0m1.251 ms - 1056\u001b[0m\n","level":"info","timestamp":"2020-07-31 14:13:23"}
{"message":"\u001b[0mGET / \u001b[36m304 \u001b[0m1.778 ms - -\u001b[0m\n","level":"info","timestamp":"2020-07-31 14:13:36"}
{"message":"\u001b[0mGET /stylesheets/style.css \u001b[36m304 \u001b[0m0.657 ms - -\u001b[0m\n","level":"info","timestamp":"2020-07-31 14:13:36"}
{"message":"\u001b[0mGET /favicon.ico \u001b[33m404 \u001b[0m1.208 ms - 1056\u001b[0m\n","level":"info","timestamp":"2020-07-31 14:13:36"}
{"message":"\u001b[0mGET / \u001b[36m304 \u001b[0m1.390 ms - -\u001b[0m\n","level":"info","timestamp":"2020-07-31 14:13:43"}
{"message":"\u001b[0mGET /stylesheets/style.css \u001b[36m304 \u001b[0m0.583 ms - -\u001b[0m\n","level":"info","timestamp":"2020-07-31 14:13:43"}
{"message":"\u001b[0mGET / \u001b[36m304 \u001b[0m1.936 ms - -\u001b[0m\n","level":"info","timestamp":"2020-07-31 14:13:45"}
{"message":"\u001b[0mGET /stylesheets/style.css \u001b[36m304 \u001b[0m2.599 ms - -\u001b[0m\n","level":"info","timestamp":"2020-07-31 14:13:45"}
{"message":"\u001b[0mGET /favicon.ico \u001b[33m404 \u001b[0m1.214 ms - 1056\u001b[0m\n","level":"info","timestamp":"2020-07-31 14:13:45"}
{"message":"\u001b[0mGET / \u001b[36m304 \u001b[0m1.233 ms - -\u001b[0m\n","level":"info","timestamp":"2020-07-31 14:13:47"}
{"message":"\u001b[0mGET /stylesheets/style.css \u001b[36m304 \u001b[0m1.809 ms - -\u001b[0m\n","level":"info","timestamp":"2020-07-31 14:13:47"}
{"message":"\u001b[0mGET / \u001b[36m304 \u001b[0m1.201 ms - -\u001b[0m\n","level":"info","timestamp":"2020-07-31 14:13:48"}
{"message":"\u001b[0mGET /stylesheets/style.css \u001b[36m304 \u001b[0m0.549 ms - -\u001b[0m\n","level":"info","timestamp":"2020-07-31 14:13:48"}
{"message":"\u001b[0mGET /favicon.ico \u001b[33m404 \u001b[0m1.482 ms - 1056\u001b[0m\n","level":"info","timestamp":"2020-07-31 14:13:48"}
{"message":"\u001b[0mGET / \u001b[36m304 \u001b[0m2.307 ms - -\u001b[0m\n","level":"info","timestamp":"2020-07-31 14:13:56"}
{"message":"\u001b[0mGET /stylesheets/style.css \u001b[36m304 \u001b[0m1.001 ms - -\u001b[0m\n","level":"info","timestamp":"2020-07-31 14:13:56"}
{"message":"server start..","level":"info","timestamp":"2020-07-31 14:18:20"}
{"message":"\u001b[0mGET / \u001b[36m304 \u001b[0m20.730 ms - -\u001b[0m\n","level":"info","timestamp":"2020-07-31 14:18:24"}
{"message":"\u001b[0mGET /stylesheets/style.css \u001b[36m304 \u001b[0m1.838 ms - -\u001b[0m\n","level":"info","timestamp":"2020-07-31 14:18:24"}
{"message":"\u001b[0mGET /favicon.ico \u001b[33m404 \u001b[0m4.230 ms - 1056\u001b[0m\n","level":"info","timestamp":"2020-07-31 14:18:24"}
{"message":"server start..","level":"info","timestamp":"2020-07-31 14:19:29"}
{"message":"\u001b[0mGET / \u001b[36m304 \u001b[0m15.902 ms - -\u001b[0m\n","level":"info","timestamp":"2020-07-31 14:19:33"}
{"message":"\u001b[0mGET /stylesheets/style.css \u001b[36m304 \u001b[0m1.909 ms - -\u001b[0m\n","level":"info","timestamp":"2020-07-31 14:19:33"}
{"message":"\u001b[0mGET /favicon.ico \u001b[31m500 \u001b[0m2.908 ms - 1094\u001b[0m\n","level":"info","timestamp":"2020-07-31 14:19:33"}
{"message":"\u001b[0mGET / \u001b[36m304 \u001b[0m2.286 ms - -\u001b[0m\n","level":"info","timestamp":"2020-07-31 14:19:41"}
{"message":"\u001b[0mGET /stylesheets/style.css \u001b[36m304 \u001b[0m1.578 ms - -\u001b[0m\n","level":"info","timestamp":"2020-07-31 14:19:41"}
{"message":"\u001b[0mGET /favicon.ico \u001b[31m500 \u001b[0m1.875 ms - 1094\u001b[0m\n","level":"info","timestamp":"2020-07-31 14:19:41"}
{"message":"\u001b[0mGET / \u001b[36m304 \u001b[0m2.241 ms - -\u001b[0m\n","level":"info","timestamp":"2020-07-31 14:19:42"}
{"message":"\u001b[0mGET /stylesheets/style.css \u001b[36m304 \u001b[0m1.134 ms - -\u001b[0m\n","level":"info","timestamp":"2020-07-31 14:19:42"}
{"message":"\u001b[0mGET /favicon.ico \u001b[31m500 \u001b[0m1.060 ms - 1094\u001b[0m\n","level":"info","timestamp":"2020-07-31 14:19:42"}
{"message":"\u001b[0mGET / \u001b[36m304 \u001b[0m2.450 ms - -\u001b[0m\n","level":"info","timestamp":"2020-07-31 14:19:59"}
{"message":"\u001b[0mGET /stylesheets/style.css \u001b[36m304 \u001b[0m0.943 ms - -\u001b[0m\n","level":"info","timestamp":"2020-07-31 14:19:59"}
{"message":"\u001b[0mGET / \u001b[36m304 \u001b[0m2.913 ms - -\u001b[0m\n","level":"info","timestamp":"2020-07-31 14:20:11"}
{"message":"\u001b[0mGET /stylesheets/style.css \u001b[36m304 \u001b[0m1.223 ms - -\u001b[0m\n","level":"info","timestamp":"2020-07-31 14:20:11"}
{"message":"\u001b[0mGET /favicon.ico \u001b[31m500 \u001b[0m2.813 ms - 1094\u001b[0m\n","level":"info","timestamp":"2020-07-31 14:20:11"}
{"message":"server start..","level":"info","timestamp":"2020-07-31 14:23:30"}
{"message":"\u001b[0mGET / \u001b[36m304 \u001b[0m40.148 ms - -\u001b[0m\n","level":"info","timestamp":"2020-07-31 14:59:23"}
{"message":"\u001b[0mGET /stylesheets/style.css \u001b[36m304 \u001b[0m4.117 ms - -\u001b[0m\n","level":"info","timestamp":"2020-07-31 14:59:23"}
{"message":"\u001b[0mGET / \u001b[36m304 \u001b[0m26.142 ms - -\u001b[0m\n","level":"info","timestamp":"2020-07-31 15:05:31"}
{"message":"\u001b[0mGET /stylesheets/style.css \u001b[36m304 \u001b[0m2.318 ms - -\u001b[0m\n","level":"info","timestamp":"2020-07-31 15:05:31"}
{"message":"\u001b[0mGET / \u001b[36m304 \u001b[0m21.533 ms - -\u001b[0m\n","level":"info","timestamp":"2020-07-31 15:10:48"}
{"message":"\u001b[0mGET /stylesheets/style.css \u001b[36m304 \u001b[0m2.483 ms - -\u001b[0m\n","level":"info","timestamp":"2020-07-31 15:10:48"}
{"message":"Error message from the centralized error-handling component Not Found","level":"error","stack":"NotFoundError: Not Found\n    at E:\\!!gg\\server\\app.js:33:9\n    at Layer.handle [as handle_request] (E:\\!!gg\\server\\node_modules\\express\\lib\\router\\layer.js:95:5)\n    at trim_prefix (E:\\!!gg\\server\\node_modules\\express\\lib\\router\\index.js:317:13)\n    at E:\\!!gg\\server\\node_modules\\express\\lib\\router\\index.js:284:7\n    at Function.process_params (E:\\!!gg\\server\\node_modules\\express\\lib\\router\\index.js:335:12)\n    at next (E:\\!!gg\\server\\node_modules\\express\\lib\\router\\index.js:275:10)\n    at E:\\!!gg\\server\\node_modules\\express\\lib\\router\\index.js:635:15\n    at next (E:\\!!gg\\server\\node_modules\\express\\lib\\router\\index.js:260:14)\n    at Function.handle (E:\\!!gg\\server\\node_modules\\express\\lib\\router\\index.js:174:3)\n    at router (E:\\!!gg\\server\\node_modules\\express\\lib\\router\\index.js:47:12)","timestamp":"2020-07-31 15:10:52"}
{"message":"-------mail send---------","level":"info","timestamp":"2020-07-31 15:10:52"}
{"message":"-------send event---------","level":"info","timestamp":"2020-07-31 15:10:52"}
{"message":"\u001b[0mGET /asdf \u001b[33m404 \u001b[0m18.456 ms - 1056\u001b[0m\n","level":"info","timestamp":"2020-07-31 15:10:52"}
{"message":"\u001b[0mGET /asdf \u001b[33m404 \u001b[0m5.615 ms - 143\u001b[0m\n","level":"info","timestamp":"2020-07-31 15:11:07"}
{"message":"Error message from the centralized error-handling component Not Found","level":"error","stack":"NotFoundError: Not Found\n    at E:\\!!gg\\server\\app.js:33:9\n    at Layer.handle [as handle_request] (E:\\!!gg\\server\\node_modules\\express\\lib\\router\\layer.js:95:5)\n    at trim_prefix (E:\\!!gg\\server\\node_modules\\express\\lib\\router\\index.js:317:13)\n    at E:\\!!gg\\server\\node_modules\\express\\lib\\router\\index.js:284:7\n    at Function.process_params (E:\\!!gg\\server\\node_modules\\express\\lib\\router\\index.js:335:12)\n    at next (E:\\!!gg\\server\\node_modules\\express\\lib\\router\\index.js:275:10)\n    at E:\\!!gg\\server\\node_modules\\express\\lib\\router\\index.js:635:15\n    at next (E:\\!!gg\\server\\node_modules\\express\\lib\\router\\index.js:260:14)\n    at Function.handle (E:\\!!gg\\server\\node_modules\\express\\lib\\router\\index.js:174:3)\n    at router (E:\\!!gg\\server\\node_modules\\express\\lib\\router\\index.js:47:12)","timestamp":"2020-07-31 15:11:25"}
{"message":"-------mail send---------","level":"info","timestamp":"2020-07-31 15:11:25"}
{"message":"-------send event---------","level":"info","timestamp":"2020-07-31 15:11:25"}
{"message":"\u001b[0mGET /asdf \u001b[33m404 \u001b[0m19.028 ms - 1056\u001b[0m\n","level":"info","timestamp":"2020-07-31 15:11:25"}
{"message":"Error message from the centralized error-handling component Bad Request","level":"error","stack":"BadRequestError: Bad Request\n    at E:\\!!gg\\server\\app.js:33:9\n    at Layer.handle [as handle_request] (E:\\!!gg\\server\\node_modules\\express\\lib\\router\\layer.js:95:5)\n    at trim_prefix (E:\\!!gg\\server\\node_modules\\express\\lib\\router\\index.js:317:13)\n    at E:\\!!gg\\server\\node_modules\\express\\lib\\router\\index.js:284:7\n    at Function.process_params (E:\\!!gg\\server\\node_modules\\express\\lib\\router\\index.js:335:12)\n    at next (E:\\!!gg\\server\\node_modules\\express\\lib\\router\\index.js:275:10)\n    at E:\\!!gg\\server\\node_modules\\express\\lib\\router\\index.js:635:15\n    at next (E:\\!!gg\\server\\node_modules\\express\\lib\\router\\index.js:260:14)\n    at Function.handle (E:\\!!gg\\server\\node_modules\\express\\lib\\router\\index.js:174:3)\n    at router (E:\\!!gg\\server\\node_modules\\express\\lib\\router\\index.js:47:12)","timestamp":"2020-07-31 15:12:36"}
{"message":"-------mail send---------","level":"info","timestamp":"2020-07-31 15:12:36"}
{"message":"-------send event---------","level":"info","timestamp":"2020-07-31 15:12:36"}
{"message":"\u001b[0mGET /asdf \u001b[33m400 \u001b[0m14.631 ms - 1060\u001b[0m\n","level":"info","timestamp":"2020-07-31 15:12:36"}
{"message":"\u001b[0mGET /asdf \u001b[33m404 \u001b[0m5.743 ms - 143\u001b[0m\n","level":"info","timestamp":"2020-07-31 15:13:49"}
{"message":"\u001b[0mGET /asdf \u001b[33m404 \u001b[0m2.091 ms - 143\u001b[0m\n","level":"info","timestamp":"2020-07-31 15:13:52"}
{"message":"\u001b[0mGET /asdf \u001b[32m200 \u001b[0m5.894 ms - 3\u001b[0m\n","level":"info","timestamp":"2020-07-31 15:14:28"}
{"message":"\u001b[0mGET /asdf \u001b[36m304 \u001b[0m1.956 ms - -\u001b[0m\n","level":"info","timestamp":"2020-07-31 15:14:29"}
{"message":"\u001b[0mGET /asdf \u001b[33m404 \u001b[0m9.487 ms - 143\u001b[0m\n","level":"info","timestamp":"2020-07-31 15:17:00"}
{"message":"\u001b[0mGET /asdf \u001b[33m404 \u001b[0m1.681 ms - 143\u001b[0m\n","level":"info","timestamp":"2020-07-31 15:17:03"}
{"message":"\u001b[0mGET /asdf124 \u001b[33m404 \u001b[0m1.516 ms - 146\u001b[0m\n","level":"info","timestamp":"2020-07-31 15:17:15"}
{"name":"Not Found","httpCode":404,"isOperational":"internal server error","level":"error","message":"Error message from the centralized error-handling component refreshed or make new token","stack":"Not Found: refreshed or make new token\n    at new BaseError (E:\\!!gg\\server\\error\\BaseError.js:10:15)\n    at new APIError (E:\\!!gg\\server\\error\\BaseError.js:16:9)\n    at E:\\!!gg\\server\\app.js:36:10\n    at Layer.handle [as handle_request] (E:\\!!gg\\server\\node_modules\\express\\lib\\router\\layer.js:95:5)\n    at trim_prefix (E:\\!!gg\\server\\node_modules\\express\\lib\\router\\index.js:317:13)\n    at E:\\!!gg\\server\\node_modules\\express\\lib\\router\\index.js:284:7\n    at Function.process_params (E:\\!!gg\\server\\node_modules\\express\\lib\\router\\index.js:335:12)\n    at next (E:\\!!gg\\server\\node_modules\\express\\lib\\router\\index.js:275:10)\n    at E:\\!!gg\\server\\node_modules\\express\\lib\\router\\index.js:635:15\n    at next (E:\\!!gg\\server\\node_modules\\express\\lib\\router\\index.js:260:14)","timestamp":"2020-07-31 15:17:34"}
{"message":"-------mail send---------","level":"info","timestamp":"2020-07-31 15:17:34"}
{"message":"-------send event---------","level":"info","timestamp":"2020-07-31 15:17:34"}
{"message":"\u001b[0mGET /asdf124 \u001b[0m- \u001b[0m- ms - -\u001b[0m\n","level":"info","timestamp":"2020-07-31 15:17:36"}
{"name":"Not Found","httpCode":404,"isOperational":"internal server error","level":"error","message":"Error message from the centralized error-handling component refreshed or make new token","stack":"Not Found: refreshed or make new token\n    at new BaseError (E:\\!!gg\\server\\error\\BaseError.js:10:15)\n    at new APIError (E:\\!!gg\\server\\error\\BaseError.js:16:9)\n    at E:\\!!gg\\server\\app.js:36:10\n    at Layer.handle [as handle_request] (E:\\!!gg\\server\\node_modules\\express\\lib\\router\\layer.js:95:5)\n    at trim_prefix (E:\\!!gg\\server\\node_modules\\express\\lib\\router\\index.js:317:13)\n    at E:\\!!gg\\server\\node_modules\\express\\lib\\router\\index.js:284:7\n    at Function.process_params (E:\\!!gg\\server\\node_modules\\express\\lib\\router\\index.js:335:12)\n    at next (E:\\!!gg\\server\\node_modules\\express\\lib\\router\\index.js:275:10)\n    at E:\\!!gg\\server\\node_modules\\express\\lib\\router\\index.js:635:15\n    at next (E:\\!!gg\\server\\node_modules\\express\\lib\\router\\index.js:260:14)","timestamp":"2020-07-31 15:17:36"}
{"message":"-------mail send---------","level":"info","timestamp":"2020-07-31 15:17:36"}
{"message":"-------send event---------","level":"info","timestamp":"2020-07-31 15:17:36"}
{"message":"\u001b[0mGET /asdf124 \u001b[0m- \u001b[0m- ms - -\u001b[0m\n","level":"info","timestamp":"2020-07-31 15:17:41"}
{"name":"Not Found","httpCode":404,"isOperational":"internal server error","level":"error","message":"Error message from the centralized error-handling component refreshed or make new token","stack":"Not Found: refreshed or make new token\n    at new BaseError (E:\\!!gg\\server\\error\\BaseError.js:10:15)\n    at new APIError (E:\\!!gg\\server\\error\\BaseError.js:16:9)\n    at E:\\!!gg\\server\\app.js:36:10\n    at Layer.handle [as handle_request] (E:\\!!gg\\server\\node_modules\\express\\lib\\router\\layer.js:95:5)\n    at trim_prefix (E:\\!!gg\\server\\node_modules\\express\\lib\\router\\index.js:317:13)\n    at E:\\!!gg\\server\\node_modules\\express\\lib\\router\\index.js:284:7\n    at Function.process_params (E:\\!!gg\\server\\node_modules\\express\\lib\\router\\index.js:335:12)\n    at next (E:\\!!gg\\server\\node_modules\\express\\lib\\router\\index.js:275:10)\n    at E:\\!!gg\\server\\node_modules\\express\\lib\\router\\index.js:635:15\n    at next (E:\\!!gg\\server\\node_modules\\express\\lib\\router\\index.js:260:14)","timestamp":"2020-07-31 15:17:41"}
{"message":"-------mail send---------","level":"info","timestamp":"2020-07-31 15:17:41"}
{"message":"-------send event---------","level":"info","timestamp":"2020-07-31 15:17:41"}
{"message":"\u001b[0mGET /asdf124 \u001b[0m- \u001b[0m- ms - -\u001b[0m\n","level":"info","timestamp":"2020-07-31 15:17:43"}
{"name":"Not Found","httpCode":404,"isOperational":"internal server error","level":"error","message":"Error message from the centralized error-handling component refreshed or make new token","stack":"Not Found: refreshed or make new token\n    at new BaseError (E:\\!!gg\\server\\error\\BaseError.js:10:15)\n    at new APIError (E:\\!!gg\\server\\error\\BaseError.js:16:9)\n    at E:\\!!gg\\server\\app.js:36:10\n    at Layer.handle [as handle_request] (E:\\!!gg\\server\\node_modules\\express\\lib\\router\\layer.js:95:5)\n    at trim_prefix (E:\\!!gg\\server\\node_modules\\express\\lib\\router\\index.js:317:13)\n    at E:\\!!gg\\server\\node_modules\\express\\lib\\router\\index.js:284:7\n    at Function.process_params (E:\\!!gg\\server\\node_modules\\express\\lib\\router\\index.js:335:12)\n    at next (E:\\!!gg\\server\\node_modules\\express\\lib\\router\\index.js:275:10)\n    at E:\\!!gg\\server\\node_modules\\express\\lib\\router\\index.js:635:15\n    at next (E:\\!!gg\\server\\node_modules\\express\\lib\\router\\index.js:260:14)","timestamp":"2020-07-31 15:17:43"}
{"message":"-------mail send---------","level":"info","timestamp":"2020-07-31 15:17:43"}
{"message":"-------send event---------","level":"info","timestamp":"2020-07-31 15:17:43"}
{"message":"\u001b[0mGET /asdf124 \u001b[0m- \u001b[0m- ms - -\u001b[0m\n","level":"info","timestamp":"2020-07-31 15:17:45"}
{"name":"Not Found","httpCode":404,"isOperational":"internal server error","level":"error","message":"Error message from the centralized error-handling component refreshed or make new token","stack":"Not Found: refreshed or make new token\n    at new BaseError (E:\\!!gg\\server\\error\\BaseError.js:10:15)\n    at new APIError (E:\\!!gg\\server\\error\\BaseError.js:16:9)\n    at E:\\!!gg\\server\\app.js:36:10\n    at Layer.handle [as handle_request] (E:\\!!gg\\server\\node_modules\\express\\lib\\router\\layer.js:95:5)\n    at trim_prefix (E:\\!!gg\\server\\node_modules\\express\\lib\\router\\index.js:317:13)\n    at E:\\!!gg\\server\\node_modules\\express\\lib\\router\\index.js:284:7\n    at Function.process_params (E:\\!!gg\\server\\node_modules\\express\\lib\\router\\index.js:335:12)\n    at next (E:\\!!gg\\server\\node_modules\\express\\lib\\router\\index.js:275:10)\n    at E:\\!!gg\\server\\node_modules\\express\\lib\\router\\index.js:635:15\n    at next (E:\\!!gg\\server\\node_modules\\express\\lib\\router\\index.js:260:14)","timestamp":"2020-07-31 15:17:45"}
{"message":"-------mail send---------","level":"info","timestamp":"2020-07-31 15:17:45"}
{"message":"-------send event---------","level":"info","timestamp":"2020-07-31 15:17:45"}
{"message":"\u001b[0mGET /asdf124 \u001b[0m- \u001b[0m- ms - -\u001b[0m\n","level":"info","timestamp":"2020-07-31 15:17:46"}
{"name":"Not Found","httpCode":404,"isOperational":"internal server error","level":"error","message":"Error message from the centralized error-handling component refreshed or make new token","stack":"Not Found: refreshed or make new token\n    at new BaseError (E:\\!!gg\\server\\error\\BaseError.js:10:15)\n    at new APIError (E:\\!!gg\\server\\error\\BaseError.js:16:9)\n    at E:\\!!gg\\server\\app.js:36:10\n    at Layer.handle [as handle_request] (E:\\!!gg\\server\\node_modules\\express\\lib\\router\\layer.js:95:5)\n    at trim_prefix (E:\\!!gg\\server\\node_modules\\express\\lib\\router\\index.js:317:13)\n    at E:\\!!gg\\server\\node_modules\\express\\lib\\router\\index.js:284:7\n    at Function.process_params (E:\\!!gg\\server\\node_modules\\express\\lib\\router\\index.js:335:12)\n    at next (E:\\!!gg\\server\\node_modules\\express\\lib\\router\\index.js:275:10)\n    at E:\\!!gg\\server\\node_modules\\express\\lib\\router\\index.js:635:15\n    at next (E:\\!!gg\\server\\node_modules\\express\\lib\\router\\index.js:260:14)","timestamp":"2020-07-31 15:17:46"}
{"message":"-------mail send---------","level":"info","timestamp":"2020-07-31 15:17:46"}
{"message":"-------send event---------","level":"info","timestamp":"2020-07-31 15:17:46"}
{"message":"\u001b[0mGET /asdf124 \u001b[0m- \u001b[0m- ms - -\u001b[0m\n","level":"info","timestamp":"2020-07-31 15:17:46"}
{"name":"Not Found","httpCode":404,"isOperational":"internal server error","level":"error","message":"Error message from the centralized error-handling component refreshed or make new token","stack":"Not Found: refreshed or make new token\n    at new BaseError (E:\\!!gg\\server\\error\\BaseError.js:10:15)\n    at new APIError (E:\\!!gg\\server\\error\\BaseError.js:16:9)\n    at E:\\!!gg\\server\\app.js:36:10\n    at Layer.handle [as handle_request] (E:\\!!gg\\server\\node_modules\\express\\lib\\router\\layer.js:95:5)\n    at trim_prefix (E:\\!!gg\\server\\node_modules\\express\\lib\\router\\index.js:317:13)\n    at E:\\!!gg\\server\\node_modules\\express\\lib\\router\\index.js:284:7\n    at Function.process_params (E:\\!!gg\\server\\node_modules\\express\\lib\\router\\index.js:335:12)\n    at next (E:\\!!gg\\server\\node_modules\\express\\lib\\router\\index.js:275:10)\n    at E:\\!!gg\\server\\node_modules\\express\\lib\\router\\index.js:635:15\n    at next (E:\\!!gg\\server\\node_modules\\express\\lib\\router\\index.js:260:14)","timestamp":"2020-07-31 15:17:46"}
{"message":"-------mail send---------","level":"info","timestamp":"2020-07-31 15:17:46"}
{"message":"-------send event---------","level":"info","timestamp":"2020-07-31 15:17:46"}
{"message":"server start..","level":"info","timestamp":"2020-07-31 15:21:44"}
{"message":"\u001b[0mGET /asdf124 \u001b[33m404 \u001b[0m6.849 ms - 1056\u001b[0m\n","level":"info","timestamp":"2020-07-31 15:21:44"}
{"message":"server start..","level":"info","timestamp":"2020-07-31 15:28:19"}
{"message":"server start..","level":"info","timestamp":"2020-07-31 15:28:22"}
{"message":"\u001b[0mGET / \u001b[36m304 \u001b[0m37.793 ms - -\u001b[0m\n","level":"info","timestamp":"2020-07-31 15:31:41"}
{"message":"\u001b[0mGET /stylesheets/style.css \u001b[36m304 \u001b[0m2.287 ms - -\u001b[0m\n","level":"info","timestamp":"2020-07-31 15:31:41"}
{"message":"server start..","level":"info","timestamp":"2020-07-31 15:32:55"}
{"message":"server start..","level":"info","timestamp":"2020-07-31 15:33:04"}
{"message":"server start..","level":"info","timestamp":"2020-07-31 15:36:19"}
{"message":"\u001b[0mGET / \u001b[36m304 \u001b[0m19.954 ms - -\u001b[0m\n","level":"info","timestamp":"2020-07-31 15:36:23"}
{"message":"\u001b[0mGET /stylesheets/style.css \u001b[36m304 \u001b[0m2.288 ms - -\u001b[0m\n","level":"info","timestamp":"2020-07-31 15:36:23"}
{"message":"server start..","level":"info","timestamp":"2020-07-31 15:37:48"}
{"message":"Error message from the centralized error-handling component Not Found","level":"error","stack":"NotFoundError: Not Found\n    at E:\\!!gg\\server\\app.js:33:9\n    at Layer.handle [as handle_request] (E:\\!!gg\\server\\node_modules\\express\\lib\\router\\layer.js:95:5)\n    at trim_prefix (E:\\!!gg\\server\\node_modules\\express\\lib\\router\\index.js:317:13)\n    at E:\\!!gg\\server\\node_modules\\express\\lib\\router\\index.js:284:7\n    at Function.process_params (E:\\!!gg\\server\\node_modules\\express\\lib\\router\\index.js:335:12)\n    at next (E:\\!!gg\\server\\node_modules\\express\\lib\\router\\index.js:275:10)\n    at E:\\!!gg\\server\\node_modules\\express\\lib\\router\\index.js:635:15\n    at next (E:\\!!gg\\server\\node_modules\\express\\lib\\router\\index.js:260:14)\n    at Function.handle (E:\\!!gg\\server\\node_modules\\express\\lib\\router\\index.js:174:3)\n    at router (E:\\!!gg\\server\\node_modules\\express\\lib\\router\\index.js:47:12)","timestamp":"2020-07-31 15:37:49"}
{"message":"-------mail send---------","level":"info","timestamp":"2020-07-31 15:37:49"}
{"message":"-------send event---------","level":"info","timestamp":"2020-07-31 15:37:49"}
{"message":"\u001b[0mGET /asdf \u001b[33m404 \u001b[0m22.897 ms - 1056\u001b[0m\n","level":"info","timestamp":"2020-07-31 15:37:49"}
{"message":"Error message from the centralized error-handling component Not Found","level":"error","stack":"NotFoundError: Not Found\n    at E:\\!!gg\\server\\app.js:33:9\n    at Layer.handle [as handle_request] (E:\\!!gg\\server\\node_modules\\express\\lib\\router\\layer.js:95:5)\n    at trim_prefix (E:\\!!gg\\server\\node_modules\\express\\lib\\router\\index.js:317:13)\n    at E:\\!!gg\\server\\node_modules\\express\\lib\\router\\index.js:284:7\n    at Function.process_params (E:\\!!gg\\server\\node_modules\\express\\lib\\router\\index.js:335:12)\n    at next (E:\\!!gg\\server\\node_modules\\express\\lib\\router\\index.js:275:10)\n    at E:\\!!gg\\server\\node_modules\\express\\lib\\router\\index.js:635:15\n    at next (E:\\!!gg\\server\\node_modules\\express\\lib\\router\\index.js:260:14)\n    at Function.handle (E:\\!!gg\\server\\node_modules\\express\\lib\\router\\index.js:174:3)\n    at router (E:\\!!gg\\server\\node_modules\\express\\lib\\router\\index.js:47:12)","timestamp":"2020-07-31 15:44:57"}
{"message":"-------mail send---------","level":"info","timestamp":"2020-07-31 15:44:57"}
{"message":"-------send event---------","level":"info","timestamp":"2020-07-31 15:44:57"}
{"message":"\u001b[0mGET /asdf \u001b[33m404 \u001b[0m16.240 ms - 1056\u001b[0m\n","level":"info","timestamp":"2020-07-31 15:44:57"}
{"message":"server start..","level":"info","timestamp":"2020-07-31 15:46:36"}
{"message":"Error message from the centralized error-handling component Not Found","level":"error","stack":"NotFoundError: Not Found\n    at E:\\!!gg\\server\\app.js:33:9\n    at Layer.handle [as handle_request] (E:\\!!gg\\server\\node_modules\\express\\lib\\router\\layer.js:95:5)\n    at trim_prefix (E:\\!!gg\\server\\node_modules\\express\\lib\\router\\index.js:317:13)\n    at E:\\!!gg\\server\\node_modules\\express\\lib\\router\\index.js:284:7\n    at Function.process_params (E:\\!!gg\\server\\node_modules\\express\\lib\\router\\index.js:335:12)\n    at next (E:\\!!gg\\server\\node_modules\\express\\lib\\router\\index.js:275:10)\n    at E:\\!!gg\\server\\node_modules\\express\\lib\\router\\index.js:635:15\n    at next (E:\\!!gg\\server\\node_modules\\express\\lib\\router\\index.js:260:14)\n    at Function.handle (E:\\!!gg\\server\\node_modules\\express\\lib\\router\\index.js:174:3)\n    at router (E:\\!!gg\\server\\node_modules\\express\\lib\\router\\index.js:47:12)","timestamp":"2020-07-31 15:46:37"}
{"message":"-------mail send---------","level":"info","timestamp":"2020-07-31 15:46:37"}
{"message":"-------send event---------","level":"info","timestamp":"2020-07-31 15:46:37"}
{"message":"\u001b[0mGET /asdf \u001b[33m404 \u001b[0m27.490 ms - 1056\u001b[0m\n","level":"info","timestamp":"2020-07-31 15:46:37"}
{"message":"Error message from the centralized error-handling component Not Found","level":"error","stack":"NotFoundError: Not Found\n    at E:\\!!gg\\server\\app.js:33:9\n    at Layer.handle [as handle_request] (E:\\!!gg\\server\\node_modules\\express\\lib\\router\\layer.js:95:5)\n    at trim_prefix (E:\\!!gg\\server\\node_modules\\express\\lib\\router\\index.js:317:13)\n    at E:\\!!gg\\server\\node_modules\\express\\lib\\router\\index.js:284:7\n    at Function.process_params (E:\\!!gg\\server\\node_modules\\express\\lib\\router\\index.js:335:12)\n    at next (E:\\!!gg\\server\\node_modules\\express\\lib\\router\\index.js:275:10)\n    at E:\\!!gg\\server\\node_modules\\express\\lib\\router\\index.js:635:15\n    at next (E:\\!!gg\\server\\node_modules\\express\\lib\\router\\index.js:260:14)\n    at Function.handle (E:\\!!gg\\server\\node_modules\\express\\lib\\router\\index.js:174:3)\n    at router (E:\\!!gg\\server\\node_modules\\express\\lib\\router\\index.js:47:12)","timestamp":"2020-07-31 15:46:44"}
{"message":"-------mail send---------","level":"info","timestamp":"2020-07-31 15:46:44"}
{"message":"-------send event---------","level":"info","timestamp":"2020-07-31 15:46:44"}
{"message":"\u001b[0mGET /asdf \u001b[33m404 \u001b[0m15.091 ms - 1056\u001b[0m\n","level":"info","timestamp":"2020-07-31 15:46:44"}
{"message":"server start..","level":"info","timestamp":"2020-07-31 15:47:05"}
{"message":"Error message from the centralized error-handling component Not Found","level":"error","stack":"NotFoundError: Not Found\n    at E:\\!!gg\\server\\app.js:33:9\n    at Layer.handle [as handle_request] (E:\\!!gg\\server\\node_modules\\express\\lib\\router\\layer.js:95:5)\n    at trim_prefix (E:\\!!gg\\server\\node_modules\\express\\lib\\router\\index.js:317:13)\n    at E:\\!!gg\\server\\node_modules\\express\\lib\\router\\index.js:284:7\n    at Function.process_params (E:\\!!gg\\server\\node_modules\\express\\lib\\router\\index.js:335:12)\n    at next (E:\\!!gg\\server\\node_modules\\express\\lib\\router\\index.js:275:10)\n    at E:\\!!gg\\server\\node_modules\\express\\lib\\router\\index.js:635:15\n    at next (E:\\!!gg\\server\\node_modules\\express\\lib\\router\\index.js:260:14)\n    at Function.handle (E:\\!!gg\\server\\node_modules\\express\\lib\\router\\index.js:174:3)\n    at router (E:\\!!gg\\server\\node_modules\\express\\lib\\router\\index.js:47:12)","timestamp":"2020-07-31 15:47:07"}
{"message":"-------mail send---------","level":"info","timestamp":"2020-07-31 15:47:07"}
{"message":"-------send event---------","level":"info","timestamp":"2020-07-31 15:47:07"}
{"message":"\u001b[0mGET /asdf \u001b[33m404 \u001b[0m10.437 ms - 1056\u001b[0m\n","level":"info","timestamp":"2020-07-31 15:47:07"}
{"message":"Error message from the centralized error-handling component Not Found","level":"error","stack":"NotFoundError: Not Found\n    at E:\\!!gg\\server\\app.js:33:9\n    at Layer.handle [as handle_request] (E:\\!!gg\\server\\node_modules\\express\\lib\\router\\layer.js:95:5)\n    at trim_prefix (E:\\!!gg\\server\\node_modules\\express\\lib\\router\\index.js:317:13)\n    at E:\\!!gg\\server\\node_modules\\express\\lib\\router\\index.js:284:7\n    at Function.process_params (E:\\!!gg\\server\\node_modules\\express\\lib\\router\\index.js:335:12)\n    at next (E:\\!!gg\\server\\node_modules\\express\\lib\\router\\index.js:275:10)\n    at E:\\!!gg\\server\\node_modules\\express\\lib\\router\\index.js:635:15\n    at next (E:\\!!gg\\server\\node_modules\\express\\lib\\router\\index.js:260:14)\n    at Function.handle (E:\\!!gg\\server\\node_modules\\express\\lib\\router\\index.js:174:3)\n    at router (E:\\!!gg\\server\\node_modules\\express\\lib\\router\\index.js:47:12)","timestamp":"2020-07-31 15:47:09"}
{"message":"-------mail send---------","level":"info","timestamp":"2020-07-31 15:47:09"}
{"message":"-------send event---------","level":"info","timestamp":"2020-07-31 15:47:09"}
{"message":"\u001b[0mGET /asdf \u001b[33m404 \u001b[0m6.145 ms - 1056\u001b[0m\n","level":"info","timestamp":"2020-07-31 15:47:09"}
{"message":"Error message from the centralized error-handling component Not Found","level":"error","stack":"NotFoundError: Not Found\n    at E:\\!!gg\\server\\app.js:33:9\n    at Layer.handle [as handle_request] (E:\\!!gg\\server\\node_modules\\express\\lib\\router\\layer.js:95:5)\n    at trim_prefix (E:\\!!gg\\server\\node_modules\\express\\lib\\router\\index.js:317:13)\n    at E:\\!!gg\\server\\node_modules\\express\\lib\\router\\index.js:284:7\n    at Function.process_params (E:\\!!gg\\server\\node_modules\\express\\lib\\router\\index.js:335:12)\n    at next (E:\\!!gg\\server\\node_modules\\express\\lib\\router\\index.js:275:10)\n    at E:\\!!gg\\server\\node_modules\\express\\lib\\router\\index.js:635:15\n    at next (E:\\!!gg\\server\\node_modules\\express\\lib\\router\\index.js:260:14)\n    at Function.handle (E:\\!!gg\\server\\node_modules\\express\\lib\\router\\index.js:174:3)\n    at router (E:\\!!gg\\server\\node_modules\\express\\lib\\router\\index.js:47:12)","timestamp":"2020-07-31 15:47:09"}
{"message":"-------mail send---------","level":"info","timestamp":"2020-07-31 15:47:09"}
{"message":"-------send event---------","level":"info","timestamp":"2020-07-31 15:47:09"}
{"message":"\u001b[0mGET /asdf \u001b[33m404 \u001b[0m5.509 ms - 1056\u001b[0m\n","level":"info","timestamp":"2020-07-31 15:47:09"}
{"message":"Error message from the centralized error-handling component Not Found","level":"error","stack":"NotFoundError: Not Found\n    at E:\\!!gg\\server\\app.js:33:9\n    at Layer.handle [as handle_request] (E:\\!!gg\\server\\node_modules\\express\\lib\\router\\layer.js:95:5)\n    at trim_prefix (E:\\!!gg\\server\\node_modules\\express\\lib\\router\\index.js:317:13)\n    at E:\\!!gg\\server\\node_modules\\express\\lib\\router\\index.js:284:7\n    at Function.process_params (E:\\!!gg\\server\\node_modules\\express\\lib\\router\\index.js:335:12)\n    at next (E:\\!!gg\\server\\node_modules\\express\\lib\\router\\index.js:275:10)\n    at E:\\!!gg\\server\\node_modules\\express\\lib\\router\\index.js:635:15\n    at next (E:\\!!gg\\server\\node_modules\\express\\lib\\router\\index.js:260:14)\n    at Function.handle (E:\\!!gg\\server\\node_modules\\express\\lib\\router\\index.js:174:3)\n    at router (E:\\!!gg\\server\\node_modules\\express\\lib\\router\\index.js:47:12)","timestamp":"2020-07-31 15:47:10"}
{"message":"-------mail send---------","level":"info","timestamp":"2020-07-31 15:47:10"}
{"message":"-------send event---------","level":"info","timestamp":"2020-07-31 15:47:10"}
{"message":"\u001b[0mGET /asdf \u001b[33m404 \u001b[0m6.361 ms - 1056\u001b[0m\n","level":"info","timestamp":"2020-07-31 15:47:10"}
{"message":"server start..","level":"info","timestamp":"2020-07-31 15:47:17"}
{"message":"server start..","level":"info","timestamp":"2020-07-31 15:50:46"}
{"name":"Not found","httpCode":404,"isOperational":"internal server error","level":"error","message":"Error message from the centralized error-handling component true","stack":"Not found: true\n    at new BaseError (E:\\!!gg\\server\\error\\BaseError.js:10:15)\n    at new APIError (E:\\!!gg\\server\\error\\BaseError.js:16:9)\n    at E:\\!!gg\\server\\app.js:34:10\n    at Layer.handle [as handle_request] (E:\\!!gg\\server\\node_modules\\express\\lib\\router\\layer.js:95:5)\n    at trim_prefix (E:\\!!gg\\server\\node_modules\\express\\lib\\router\\index.js:317:13)\n    at E:\\!!gg\\server\\node_modules\\express\\lib\\router\\index.js:284:7\n    at Function.process_params (E:\\!!gg\\server\\node_modules\\express\\lib\\router\\index.js:335:12)\n    at next (E:\\!!gg\\server\\node_modules\\express\\lib\\router\\index.js:275:10)\n    at E:\\!!gg\\server\\node_modules\\express\\lib\\router\\index.js:635:15\n    at next (E:\\!!gg\\server\\node_modules\\express\\lib\\router\\index.js:260:14)","timestamp":"2020-07-31 15:50:52"}
{"message":"-------mail send---------","level":"info","timestamp":"2020-07-31 15:50:52"}
{"message":"-------send event---------","level":"info","timestamp":"2020-07-31 15:50:52"}
{"message":"server start..","level":"info","timestamp":"2020-07-31 15:53:45"}
{"name":"Not found","httpCode":404,"isOperational":"internal server error","level":"error","message":"Error message from the centralized error-handling component true","stack":"Not found: true\n    at new BaseError (E:\\!!gg\\server\\error\\BaseError.js:10:15)\n    at new APIError (E:\\!!gg\\server\\error\\BaseError.js:16:9)\n    at E:\\!!gg\\server\\app.js:34:10\n    at Layer.handle [as handle_request] (E:\\!!gg\\server\\node_modules\\express\\lib\\router\\layer.js:95:5)\n    at trim_prefix (E:\\!!gg\\server\\node_modules\\express\\lib\\router\\index.js:317:13)\n    at E:\\!!gg\\server\\node_modules\\express\\lib\\router\\index.js:284:7\n    at Function.process_params (E:\\!!gg\\server\\node_modules\\express\\lib\\router\\index.js:335:12)\n    at next (E:\\!!gg\\server\\node_modules\\express\\lib\\router\\index.js:275:10)\n    at E:\\!!gg\\server\\node_modules\\express\\lib\\router\\index.js:635:15\n    at next (E:\\!!gg\\server\\node_modules\\express\\lib\\router\\index.js:260:14)","timestamp":"2020-07-31 15:53:45"}
{"message":"-------mail send---------","level":"info","timestamp":"2020-07-31 15:53:45"}
{"message":"-------send event---------","level":"info","timestamp":"2020-07-31 15:53:45"}
{"message":"\u001b[0mGET /asdf124 \u001b[0m- \u001b[0m- ms - -\u001b[0m\n","level":"info","timestamp":"2020-07-31 15:55:48"}
{"name":"Not found","httpCode":404,"isOperational":"internal server error","level":"error","message":"Error message from the centralized error-handling component true","stack":"Not found: true\n    at new BaseError (E:\\!!gg\\server\\error\\BaseError.js:10:15)\n    at new APIError (E:\\!!gg\\server\\error\\BaseError.js:16:9)\n    at E:\\!!gg\\server\\app.js:34:10\n    at Layer.handle [as handle_request] (E:\\!!gg\\server\\node_modules\\express\\lib\\router\\layer.js:95:5)\n    at trim_prefix (E:\\!!gg\\server\\node_modules\\express\\lib\\router\\index.js:317:13)\n    at E:\\!!gg\\server\\node_modules\\express\\lib\\router\\index.js:284:7\n    at Function.process_params (E:\\!!gg\\server\\node_modules\\express\\lib\\router\\index.js:335:12)\n    at next (E:\\!!gg\\server\\node_modules\\express\\lib\\router\\index.js:275:10)\n    at E:\\!!gg\\server\\node_modules\\express\\lib\\router\\index.js:635:15\n    at next (E:\\!!gg\\server\\node_modules\\express\\lib\\router\\index.js:260:14)","timestamp":"2020-07-31 15:55:48"}
{"message":"-------mail send---------","level":"info","timestamp":"2020-07-31 15:55:48"}
{"message":"-------send event---------","level":"info","timestamp":"2020-07-31 15:55:48"}
{"message":"server start..","level":"info","timestamp":"2020-07-31 15:56:12"}
{"message":"Error message from the centralized error-handling component Not Found","level":"error","stack":"NotFoundError: Not Found\n    at E:\\!!gg\\server\\app.js:35:9\n    at Layer.handle [as handle_request] (E:\\!!gg\\server\\node_modules\\express\\lib\\router\\layer.js:95:5)\n    at trim_prefix (E:\\!!gg\\server\\node_modules\\express\\lib\\router\\index.js:317:13)\n    at E:\\!!gg\\server\\node_modules\\express\\lib\\router\\index.js:284:7\n    at Function.process_params (E:\\!!gg\\server\\node_modules\\express\\lib\\router\\index.js:335:12)\n    at next (E:\\!!gg\\server\\node_modules\\express\\lib\\router\\index.js:275:10)\n    at E:\\!!gg\\server\\node_modules\\express\\lib\\router\\index.js:635:15\n    at next (E:\\!!gg\\server\\node_modules\\express\\lib\\router\\index.js:260:14)\n    at Function.handle (E:\\!!gg\\server\\node_modules\\express\\lib\\router\\index.js:174:3)\n    at router (E:\\!!gg\\server\\node_modules\\express\\lib\\router\\index.js:47:12)","timestamp":"2020-07-31 15:56:13"}
{"message":"-------mail send---------","level":"info","timestamp":"2020-07-31 15:56:13"}
{"message":"-------send event---------","level":"info","timestamp":"2020-07-31 15:56:13"}
{"message":"\u001b[0mGET /asdf124 \u001b[33m404 \u001b[0m9.865 ms - 1056\u001b[0m\n","level":"info","timestamp":"2020-07-31 15:56:13"}
{"message":"Error message from the centralized error-handling component Not Found","level":"error","stack":"NotFoundError: Not Found\n    at E:\\!!gg\\server\\app.js:35:9\n    at Layer.handle [as handle_request] (E:\\!!gg\\server\\node_modules\\express\\lib\\router\\layer.js:95:5)\n    at trim_prefix (E:\\!!gg\\server\\node_modules\\express\\lib\\router\\index.js:317:13)\n    at E:\\!!gg\\server\\node_modules\\express\\lib\\router\\index.js:284:7\n    at Function.process_params (E:\\!!gg\\server\\node_modules\\express\\lib\\router\\index.js:335:12)\n    at next (E:\\!!gg\\server\\node_modules\\express\\lib\\router\\index.js:275:10)\n    at E:\\!!gg\\server\\node_modules\\express\\lib\\router\\index.js:635:15\n    at next (E:\\!!gg\\server\\node_modules\\express\\lib\\router\\index.js:260:14)\n    at Function.handle (E:\\!!gg\\server\\node_modules\\express\\lib\\router\\index.js:174:3)\n    at router (E:\\!!gg\\server\\node_modules\\express\\lib\\router\\index.js:47:12)","timestamp":"2020-07-31 15:56:29"}
{"message":"-------mail send---------","level":"info","timestamp":"2020-07-31 15:56:29"}
{"message":"-------send event---------","level":"info","timestamp":"2020-07-31 15:56:29"}
{"message":"\u001b[0mGET /asdf124 \u001b[33m404 \u001b[0m6.222 ms - 1056\u001b[0m\n","level":"info","timestamp":"2020-07-31 15:56:29"}
{"message":"Error message from the centralized error-handling component Not Found","level":"error","stack":"NotFoundError: Not Found\n    at E:\\!!gg\\server\\app.js:35:9\n    at Layer.handle [as handle_request] (E:\\!!gg\\server\\node_modules\\express\\lib\\router\\layer.js:95:5)\n    at trim_prefix (E:\\!!gg\\server\\node_modules\\express\\lib\\router\\index.js:317:13)\n    at E:\\!!gg\\server\\node_modules\\express\\lib\\router\\index.js:284:7\n    at Function.process_params (E:\\!!gg\\server\\node_modules\\express\\lib\\router\\index.js:335:12)\n    at next (E:\\!!gg\\server\\node_modules\\express\\lib\\router\\index.js:275:10)\n    at E:\\!!gg\\server\\node_modules\\express\\lib\\router\\index.js:635:15\n    at next (E:\\!!gg\\server\\node_modules\\express\\lib\\router\\index.js:260:14)\n    at Function.handle (E:\\!!gg\\server\\node_modules\\express\\lib\\router\\index.js:174:3)\n    at router (E:\\!!gg\\server\\node_modules\\express\\lib\\router\\index.js:47:12)","timestamp":"2020-07-31 15:56:29"}
{"message":"-------mail send---------","level":"info","timestamp":"2020-07-31 15:56:29"}
{"message":"-------send event---------","level":"info","timestamp":"2020-07-31 15:56:29"}
{"message":"\u001b[0mGET /asdf124 \u001b[33m404 \u001b[0m5.295 ms - 1056\u001b[0m\n","level":"info","timestamp":"2020-07-31 15:56:29"}
{"message":"Error message from the centralized error-handling component Not Found","level":"error","stack":"NotFoundError: Not Found\n    at E:\\!!gg\\server\\app.js:35:9\n    at Layer.handle [as handle_request] (E:\\!!gg\\server\\node_modules\\express\\lib\\router\\layer.js:95:5)\n    at trim_prefix (E:\\!!gg\\server\\node_modules\\express\\lib\\router\\index.js:317:13)\n    at E:\\!!gg\\server\\node_modules\\express\\lib\\router\\index.js:284:7\n    at Function.process_params (E:\\!!gg\\server\\node_modules\\express\\lib\\router\\index.js:335:12)\n    at next (E:\\!!gg\\server\\node_modules\\express\\lib\\router\\index.js:275:10)\n    at E:\\!!gg\\server\\node_modules\\express\\lib\\router\\index.js:635:15\n    at next (E:\\!!gg\\server\\node_modules\\express\\lib\\router\\index.js:260:14)\n    at Function.handle (E:\\!!gg\\server\\node_modules\\express\\lib\\router\\index.js:174:3)\n    at router (E:\\!!gg\\server\\node_modules\\express\\lib\\router\\index.js:47:12)","timestamp":"2020-07-31 15:56:30"}
{"message":"-------mail send---------","level":"info","timestamp":"2020-07-31 15:56:30"}
{"message":"-------send event---------","level":"info","timestamp":"2020-07-31 15:56:30"}
{"message":"\u001b[0mGET /asdf124 \u001b[33m404 \u001b[0m3.717 ms - 1056\u001b[0m\n","level":"info","timestamp":"2020-07-31 15:56:30"}
{"message":"Error message from the centralized error-handling component Not Found","level":"error","stack":"NotFoundError: Not Found\n    at E:\\!!gg\\server\\app.js:35:9\n    at Layer.handle [as handle_request] (E:\\!!gg\\server\\node_modules\\express\\lib\\router\\layer.js:95:5)\n    at trim_prefix (E:\\!!gg\\server\\node_modules\\express\\lib\\router\\index.js:317:13)\n    at E:\\!!gg\\server\\node_modules\\express\\lib\\router\\index.js:284:7\n    at Function.process_params (E:\\!!gg\\server\\node_modules\\express\\lib\\router\\index.js:335:12)\n    at next (E:\\!!gg\\server\\node_modules\\express\\lib\\router\\index.js:275:10)\n    at E:\\!!gg\\server\\node_modules\\express\\lib\\router\\index.js:635:15\n    at next (E:\\!!gg\\server\\node_modules\\express\\lib\\router\\index.js:260:14)\n    at Function.handle (E:\\!!gg\\server\\node_modules\\express\\lib\\router\\index.js:174:3)\n    at router (E:\\!!gg\\server\\node_modules\\express\\lib\\router\\index.js:47:12)","timestamp":"2020-07-31 15:56:31"}
{"message":"-------mail send---------","level":"info","timestamp":"2020-07-31 15:56:31"}
{"message":"-------send event---------","level":"info","timestamp":"2020-07-31 15:56:31"}
{"message":"\u001b[0mGET /asdf124 \u001b[33m404 \u001b[0m5.693 ms - 1056\u001b[0m\n","level":"info","timestamp":"2020-07-31 15:56:31"}
{"message":"server start..","level":"info","timestamp":"2020-07-31 16:02:59"}
{"message":"\u001b[0mGET /asdf124 \u001b[32m200 \u001b[0m6.003 ms - 23\u001b[0m\n","level":"info","timestamp":"2020-07-31 16:03:00"}
{"message":"server start..","level":"info","timestamp":"2020-07-31 16:03:07"}
{"message":"\u001b[0mGET /asdf124 \u001b[36m304 \u001b[0m4.531 ms - -\u001b[0m\n","level":"info","timestamp":"2020-07-31 16:03:07"}
{"message":"server start..","level":"info","timestamp":"2020-07-31 16:04:02"}
{"message":"\u001b[0mGET /asdf124 \u001b[32m200 \u001b[0m4.391 ms - 36\u001b[0m\n","level":"info","timestamp":"2020-07-31 16:04:22"}
{"message":"\u001b[0mGET /asdf124 \u001b[36m304 \u001b[0m1.431 ms - -\u001b[0m\n","level":"info","timestamp":"2020-07-31 16:04:25"}
{"message":"\u001b[0mGET /asdf124 \u001b[36m304 \u001b[0m0.969 ms - -\u001b[0m\n","level":"info","timestamp":"2020-07-31 16:04:26"}
{"message":"server start..","level":"info","timestamp":"2020-07-31 16:06:07"}
{"name":"NOT FOUND","httpCode":404,"isOperational":"detailed explanation","level":"error","message":"Error message from the centralized error-handling component true","stack":"NOT FOUND: true\n    at new BaseError (E:\\!!gg\\server\\error\\BaseError.js:10:15)\n    at new APIError (E:\\!!gg\\server\\error\\BaseError.js:16:9)\n    at E:\\!!gg\\server\\app.js:62:10\n    at Layer.handle [as handle_request] (E:\\!!gg\\server\\node_modules\\express\\lib\\router\\layer.js:95:5)\n    at trim_prefix (E:\\!!gg\\server\\node_modules\\express\\lib\\router\\index.js:317:13)\n    at E:\\!!gg\\server\\node_modules\\express\\lib\\router\\index.js:284:7\n    at Function.process_params (E:\\!!gg\\server\\node_modules\\express\\lib\\router\\index.js:335:12)\n    at next (E:\\!!gg\\server\\node_modules\\express\\lib\\router\\index.js:275:10)\n    at SendStream.error (E:\\!!gg\\server\\node_modules\\serve-static\\index.js:121:7)\n    at SendStream.emit (events.js:314:20)","timestamp":"2020-07-31 16:06:14"}
{"message":"-------mail send---------","level":"info","timestamp":"2020-07-31 16:06:14"}
{"message":"-------send event---------","level":"info","timestamp":"2020-07-31 16:06:14"}
{"message":"server start..","level":"info","timestamp":"2020-07-31 16:06:32"}
{"name":"TEST","httpCode":404,"isOperational":"detailed explanation","level":"error","message":"Error message from the centralized error-handling component true","stack":"TEST: true\n    at new BaseError (E:\\!!gg\\server\\error\\BaseError.js:10:15)\n    at new APIError (E:\\!!gg\\server\\error\\BaseError.js:16:9)\n    at E:\\!!gg\\server\\app.js:62:10\n    at Layer.handle [as handle_request] (E:\\!!gg\\server\\node_modules\\express\\lib\\router\\layer.js:95:5)\n    at trim_prefix (E:\\!!gg\\server\\node_modules\\express\\lib\\router\\index.js:317:13)\n    at E:\\!!gg\\server\\node_modules\\express\\lib\\router\\index.js:284:7\n    at Function.process_params (E:\\!!gg\\server\\node_modules\\express\\lib\\router\\index.js:335:12)\n    at next (E:\\!!gg\\server\\node_modules\\express\\lib\\router\\index.js:275:10)\n    at SendStream.error (E:\\!!gg\\server\\node_modules\\serve-static\\index.js:121:7)\n    at SendStream.emit (events.js:314:20)","timestamp":"2020-07-31 16:06:32"}
{"message":"-------mail send---------","level":"info","timestamp":"2020-07-31 16:06:32"}
{"message":"-------send event---------","level":"info","timestamp":"2020-07-31 16:06:32"}
{"message":"\u001b[0mGET / \u001b[0m- \u001b[0m- ms - -\u001b[0m\n","level":"info","timestamp":"2020-07-31 16:06:34"}
{"name":"TEST","httpCode":404,"isOperational":"detailed explanation","level":"error","message":"Error message from the centralized error-handling component true","stack":"TEST: true\n    at new BaseError (E:\\!!gg\\server\\error\\BaseError.js:10:15)\n    at new APIError (E:\\!!gg\\server\\error\\BaseError.js:16:9)\n    at E:\\!!gg\\server\\app.js:62:10\n    at Layer.handle [as handle_request] (E:\\!!gg\\server\\node_modules\\express\\lib\\router\\layer.js:95:5)\n    at trim_prefix (E:\\!!gg\\server\\node_modules\\express\\lib\\router\\index.js:317:13)\n    at E:\\!!gg\\server\\node_modules\\express\\lib\\router\\index.js:284:7\n    at Function.process_params (E:\\!!gg\\server\\node_modules\\express\\lib\\router\\index.js:335:12)\n    at next (E:\\!!gg\\server\\node_modules\\express\\lib\\router\\index.js:275:10)\n    at SendStream.error (E:\\!!gg\\server\\node_modules\\serve-static\\index.js:121:7)\n    at SendStream.emit (events.js:314:20)","timestamp":"2020-07-31 16:06:34"}
{"message":"-------mail send---------","level":"info","timestamp":"2020-07-31 16:06:34"}
{"message":"-------send event---------","level":"info","timestamp":"2020-07-31 16:06:34"}
{"message":"\u001b[0mGET /asdf \u001b[0m- \u001b[0m- ms - -\u001b[0m\n","level":"info","timestamp":"2020-07-31 16:06:35"}
{"name":"TEST","httpCode":404,"isOperational":"detailed explanation","level":"error","message":"Error message from the centralized error-handling component true","stack":"TEST: true\n    at new BaseError (E:\\!!gg\\server\\error\\BaseError.js:10:15)\n    at new APIError (E:\\!!gg\\server\\error\\BaseError.js:16:9)\n    at E:\\!!gg\\server\\app.js:62:10\n    at Layer.handle [as handle_request] (E:\\!!gg\\server\\node_modules\\express\\lib\\router\\layer.js:95:5)\n    at trim_prefix (E:\\!!gg\\server\\node_modules\\express\\lib\\router\\index.js:317:13)\n    at E:\\!!gg\\server\\node_modules\\express\\lib\\router\\index.js:284:7\n    at Function.process_params (E:\\!!gg\\server\\node_modules\\express\\lib\\router\\index.js:335:12)\n    at next (E:\\!!gg\\server\\node_modules\\express\\lib\\router\\index.js:275:10)\n    at SendStream.error (E:\\!!gg\\server\\node_modules\\serve-static\\index.js:121:7)\n    at SendStream.emit (events.js:314:20)","timestamp":"2020-07-31 16:06:35"}
{"message":"-------mail send---------","level":"info","timestamp":"2020-07-31 16:06:35"}
{"message":"-------send event---------","level":"info","timestamp":"2020-07-31 16:06:35"}
{"message":"server start..","level":"info","timestamp":"2020-07-31 16:06:42"}
{"name":"TEST","httpCode":404,"isOperational":"detailed explanation","level":"error","message":"Error message from the centralized error-handling component true","stack":"TEST: true\n    at new BaseError (E:\\!!gg\\server\\error\\BaseError.js:10:15)\n    at new APIError (E:\\!!gg\\server\\error\\BaseError.js:16:9)\n    at E:\\!!gg\\server\\app.js:62:10\n    at Layer.handle [as handle_request] (E:\\!!gg\\server\\node_modules\\express\\lib\\router\\layer.js:95:5)\n    at trim_prefix (E:\\!!gg\\server\\node_modules\\express\\lib\\router\\index.js:317:13)\n    at E:\\!!gg\\server\\node_modules\\express\\lib\\router\\index.js:284:7\n    at Function.process_params (E:\\!!gg\\server\\node_modules\\express\\lib\\router\\index.js:335:12)\n    at next (E:\\!!gg\\server\\node_modules\\express\\lib\\router\\index.js:275:10)\n    at SendStream.error (E:\\!!gg\\server\\node_modules\\serve-static\\index.js:121:7)\n    at SendStream.emit (events.js:314:20)","timestamp":"2020-07-31 16:06:42"}
{"message":"-------mail send---------","level":"info","timestamp":"2020-07-31 16:06:42"}
{"message":"-------send event---------","level":"info","timestamp":"2020-07-31 16:06:42"}
{"message":"server start..","level":"info","timestamp":"2020-07-31 16:06:43"}
{"name":"TEST","httpCode":404,"isOperational":"detailed explanation","level":"error","message":"Error message from the centralized error-handling component true","stack":"TEST: true\n    at new BaseError (E:\\!!gg\\server\\error\\BaseError.js:10:15)\n    at new APIError (E:\\!!gg\\server\\error\\BaseError.js:16:9)\n    at E:\\!!gg\\server\\app.js:62:10\n    at Layer.handle [as handle_request] (E:\\!!gg\\server\\node_modules\\express\\lib\\router\\layer.js:95:5)\n    at trim_prefix (E:\\!!gg\\server\\node_modules\\express\\lib\\router\\index.js:317:13)\n    at E:\\!!gg\\server\\node_modules\\express\\lib\\router\\index.js:284:7\n    at Function.process_params (E:\\!!gg\\server\\node_modules\\express\\lib\\router\\index.js:335:12)\n    at next (E:\\!!gg\\server\\node_modules\\express\\lib\\router\\index.js:275:10)\n    at SendStream.error (E:\\!!gg\\server\\node_modules\\serve-static\\index.js:121:7)\n    at SendStream.emit (events.js:314:20)","timestamp":"2020-07-31 16:06:44"}
{"message":"-------mail send---------","level":"info","timestamp":"2020-07-31 16:06:44"}
{"message":"-------send event---------","level":"info","timestamp":"2020-07-31 16:06:44"}
{"message":"\u001b[0mGET /asdf \u001b[0m- \u001b[0m- ms - -\u001b[0m\n","level":"info","timestamp":"2020-07-31 16:06:51"}
{"name":"TEST","httpCode":404,"isOperational":"detailed explanation","level":"error","message":"Error message from the centralized error-handling component true","stack":"TEST: true\n    at new BaseError (E:\\!!gg\\server\\error\\BaseError.js:10:15)\n    at new APIError (E:\\!!gg\\server\\error\\BaseError.js:16:9)\n    at E:\\!!gg\\server\\app.js:62:10\n    at Layer.handle [as handle_request] (E:\\!!gg\\server\\node_modules\\express\\lib\\router\\layer.js:95:5)\n    at trim_prefix (E:\\!!gg\\server\\node_modules\\express\\lib\\router\\index.js:317:13)\n    at E:\\!!gg\\server\\node_modules\\express\\lib\\router\\index.js:284:7\n    at Function.process_params (E:\\!!gg\\server\\node_modules\\express\\lib\\router\\index.js:335:12)\n    at next (E:\\!!gg\\server\\node_modules\\express\\lib\\router\\index.js:275:10)\n    at SendStream.error (E:\\!!gg\\server\\node_modules\\serve-static\\index.js:121:7)\n    at SendStream.emit (events.js:314:20)","timestamp":"2020-07-31 16:06:51"}
{"message":"-------mail send---------","level":"info","timestamp":"2020-07-31 16:06:51"}
{"message":"-------send event---------","level":"info","timestamp":"2020-07-31 16:06:51"}
{"name":"TEST","httpCode":404,"isOperational":"detailed explanation","level":"error","message":"Error message from the centralized error-handling component true","stack":"TEST: true\n    at new BaseError (E:\\!!gg\\server\\error\\BaseError.js:10:15)\n    at new APIError (E:\\!!gg\\server\\error\\BaseError.js:16:9)\n    at E:\\!!gg\\server\\app.js:62:10\n    at Layer.handle [as handle_request] (E:\\!!gg\\server\\node_modules\\express\\lib\\router\\layer.js:95:5)\n    at trim_prefix (E:\\!!gg\\server\\node_modules\\express\\lib\\router\\index.js:317:13)\n    at E:\\!!gg\\server\\node_modules\\express\\lib\\router\\index.js:284:7\n    at Function.process_params (E:\\!!gg\\server\\node_modules\\express\\lib\\router\\index.js:335:12)\n    at next (E:\\!!gg\\server\\node_modules\\express\\lib\\router\\index.js:275:10)\n    at SendStream.error (E:\\!!gg\\server\\node_modules\\serve-static\\index.js:121:7)\n    at SendStream.emit (events.js:314:20)","timestamp":"2020-07-31 16:07:08"}
{"message":"-------mail send---------","level":"info","timestamp":"2020-07-31 16:07:08"}
{"message":"-------send event---------","level":"info","timestamp":"2020-07-31 16:07:08"}
{"message":"\u001b[0mGET /asdf \u001b[0m- \u001b[0m- ms - -\u001b[0m\n","level":"info","timestamp":"2020-07-31 16:07:15"}
{"name":"TEST","httpCode":404,"isOperational":"detailed explanation","level":"error","message":"Error message from the centralized error-handling component true","stack":"TEST: true\n    at new BaseError (E:\\!!gg\\server\\error\\BaseError.js:10:15)\n    at new APIError (E:\\!!gg\\server\\error\\BaseError.js:16:9)\n    at E:\\!!gg\\server\\app.js:62:10\n    at Layer.handle [as handle_request] (E:\\!!gg\\server\\node_modules\\express\\lib\\router\\layer.js:95:5)\n    at trim_prefix (E:\\!!gg\\server\\node_modules\\express\\lib\\router\\index.js:317:13)\n    at E:\\!!gg\\server\\node_modules\\express\\lib\\router\\index.js:284:7\n    at Function.process_params (E:\\!!gg\\server\\node_modules\\express\\lib\\router\\index.js:335:12)\n    at next (E:\\!!gg\\server\\node_modules\\express\\lib\\router\\index.js:275:10)\n    at SendStream.error (E:\\!!gg\\server\\node_modules\\serve-static\\index.js:121:7)\n    at SendStream.emit (events.js:314:20)","timestamp":"2020-07-31 16:07:15"}
{"message":"-------mail send---------","level":"info","timestamp":"2020-07-31 16:07:15"}
{"message":"-------send event---------","level":"info","timestamp":"2020-07-31 16:07:15"}
{"message":"\u001b[0mGET /asdf \u001b[0m- \u001b[0m- ms - -\u001b[0m\n","level":"info","timestamp":"2020-07-31 16:07:22"}
{"name":"TEST","httpCode":404,"isOperational":"detailed explanation","level":"error","message":"Error message from the centralized error-handling component true","stack":"TEST: true\n    at new BaseError (E:\\!!gg\\server\\error\\BaseError.js:10:15)\n    at new APIError (E:\\!!gg\\server\\error\\BaseError.js:16:9)\n    at E:\\!!gg\\server\\app.js:62:10\n    at Layer.handle [as handle_request] (E:\\!!gg\\server\\node_modules\\express\\lib\\router\\layer.js:95:5)\n    at trim_prefix (E:\\!!gg\\server\\node_modules\\express\\lib\\router\\index.js:317:13)\n    at E:\\!!gg\\server\\node_modules\\express\\lib\\router\\index.js:284:7\n    at Function.process_params (E:\\!!gg\\server\\node_modules\\express\\lib\\router\\index.js:335:12)\n    at next (E:\\!!gg\\server\\node_modules\\express\\lib\\router\\index.js:275:10)\n    at SendStream.error (E:\\!!gg\\server\\node_modules\\serve-static\\index.js:121:7)\n    at SendStream.emit (events.js:314:20)","timestamp":"2020-07-31 16:07:22"}
{"message":"-------mail send---------","level":"info","timestamp":"2020-07-31 16:07:22"}
{"message":"-------send event---------","level":"info","timestamp":"2020-07-31 16:07:22"}
{"message":"server start..","level":"info","timestamp":"2020-07-31 16:07:33"}
{"name":"TEST","httpCode":404,"isOperational":"detailed explanation","level":"error","message":"Error message from the centralized error-handling component true","stack":"TEST: true\n    at new BaseError (E:\\!!gg\\server\\error\\BaseError.js:10:15)\n    at new APIError (E:\\!!gg\\server\\error\\BaseError.js:16:9)\n    at E:\\!!gg\\server\\app.js:62:10\n    at Layer.handle [as handle_request] (E:\\!!gg\\server\\node_modules\\express\\lib\\router\\layer.js:95:5)\n    at trim_prefix (E:\\!!gg\\server\\node_modules\\express\\lib\\router\\index.js:317:13)\n    at E:\\!!gg\\server\\node_modules\\express\\lib\\router\\index.js:284:7\n    at Function.process_params (E:\\!!gg\\server\\node_modules\\express\\lib\\router\\index.js:335:12)\n    at next (E:\\!!gg\\server\\node_modules\\express\\lib\\router\\index.js:275:10)\n    at SendStream.error (E:\\!!gg\\server\\node_modules\\serve-static\\index.js:121:7)\n    at SendStream.emit (events.js:314:20)","timestamp":"2020-07-31 16:07:33"}
{"message":"-------mail send---------","level":"info","timestamp":"2020-07-31 16:07:33"}
{"message":"-------send event---------","level":"info","timestamp":"2020-07-31 16:07:33"}
{"message":"server start..","level":"info","timestamp":"2020-07-31 16:07:50"}
{"message":"server start..","level":"info","timestamp":"2020-07-31 16:07:55"}
{"name":"TEST","httpCode":404,"isOperational":"detailed explanation","level":"error","message":"Error message from the centralized error-handling component true","stack":"TEST: true\n    at new BaseError (E:\\!!gg\\server\\error\\BaseError.js:10:15)\n    at new APIError (E:\\!!gg\\server\\error\\BaseError.js:16:9)\n    at E:\\!!gg\\server\\app.js:64:10\n    at Layer.handle [as handle_request] (E:\\!!gg\\server\\node_modules\\express\\lib\\router\\layer.js:95:5)\n    at trim_prefix (E:\\!!gg\\server\\node_modules\\express\\lib\\router\\index.js:317:13)\n    at E:\\!!gg\\server\\node_modules\\express\\lib\\router\\index.js:284:7\n    at Function.process_params (E:\\!!gg\\server\\node_modules\\express\\lib\\router\\index.js:335:12)\n    at next (E:\\!!gg\\server\\node_modules\\express\\lib\\router\\index.js:275:10)\n    at SendStream.error (E:\\!!gg\\server\\node_modules\\serve-static\\index.js:121:7)\n    at SendStream.emit (events.js:314:20)","timestamp":"2020-07-31 16:07:55"}
{"message":"-------mail send---------","level":"info","timestamp":"2020-07-31 16:07:55"}
{"message":"-------send event---------","level":"info","timestamp":"2020-07-31 16:07:55"}
{"message":"server start..","level":"info","timestamp":"2020-07-31 16:08:02"}
{"name":"TEST","httpCode":404,"isOperational":"detailed explanation","level":"error","message":"Error message from the centralized error-handling component true","stack":"TEST: true\n    at new BaseError (E:\\!!gg\\server\\error\\BaseError.js:10:15)\n    at new APIError (E:\\!!gg\\server\\error\\BaseError.js:16:9)\n    at E:\\!!gg\\server\\app.js:65:10\n    at Layer.handle [as handle_request] (E:\\!!gg\\server\\node_modules\\express\\lib\\router\\layer.js:95:5)\n    at trim_prefix (E:\\!!gg\\server\\node_modules\\express\\lib\\router\\index.js:317:13)\n    at E:\\!!gg\\server\\node_modules\\express\\lib\\router\\index.js:284:7\n    at Function.process_params (E:\\!!gg\\server\\node_modules\\express\\lib\\router\\index.js:335:12)\n    at next (E:\\!!gg\\server\\node_modules\\express\\lib\\router\\index.js:275:10)\n    at SendStream.error (E:\\!!gg\\server\\node_modules\\serve-static\\index.js:121:7)\n    at SendStream.emit (events.js:314:20)","timestamp":"2020-07-31 16:08:02"}
{"message":"-------mail send---------","level":"info","timestamp":"2020-07-31 16:08:02"}
{"message":"-------send event---------","level":"info","timestamp":"2020-07-31 16:08:02"}
{"message":"\u001b[0mGET / \u001b[0m- \u001b[0m- ms - -\u001b[0m\n","level":"info","timestamp":"2020-07-31 16:08:06"}
{"name":"TEST","httpCode":404,"isOperational":"detailed explanation","level":"error","message":"Error message from the centralized error-handling component true","stack":"TEST: true\n    at new BaseError (E:\\!!gg\\server\\error\\BaseError.js:10:15)\n    at new APIError (E:\\!!gg\\server\\error\\BaseError.js:16:9)\n    at E:\\!!gg\\server\\app.js:65:10\n    at Layer.handle [as handle_request] (E:\\!!gg\\server\\node_modules\\express\\lib\\router\\layer.js:95:5)\n    at trim_prefix (E:\\!!gg\\server\\node_modules\\express\\lib\\router\\index.js:317:13)\n    at E:\\!!gg\\server\\node_modules\\express\\lib\\router\\index.js:284:7\n    at Function.process_params (E:\\!!gg\\server\\node_modules\\express\\lib\\router\\index.js:335:12)\n    at next (E:\\!!gg\\server\\node_modules\\express\\lib\\router\\index.js:275:10)\n    at SendStream.error (E:\\!!gg\\server\\node_modules\\serve-static\\index.js:121:7)\n    at SendStream.emit (events.js:314:20)","timestamp":"2020-07-31 16:08:14"}
{"message":"-------mail send---------","level":"info","timestamp":"2020-07-31 16:08:14"}
{"message":"-------send event---------","level":"info","timestamp":"2020-07-31 16:08:14"}
{"message":"server start..","level":"info","timestamp":"2020-07-31 16:09:01"}
{"name":"TEST","httpCode":404,"isOperational":"detailed explanation","level":"error","message":"Error message from the centralized error-handling component true","stack":"TEST: true\n    at new BaseError (E:\\!!gg\\server\\error\\BaseError.js:10:15)\n    at new APIError (E:\\!!gg\\server\\error\\BaseError.js:16:9)\n    at E:\\!!gg\\server\\app.js:65:10\n    at Layer.handle [as handle_request] (E:\\!!gg\\server\\node_modules\\express\\lib\\router\\layer.js:95:5)\n    at trim_prefix (E:\\!!gg\\server\\node_modules\\express\\lib\\router\\index.js:317:13)\n    at E:\\!!gg\\server\\node_modules\\express\\lib\\router\\index.js:284:7\n    at Function.process_params (E:\\!!gg\\server\\node_modules\\express\\lib\\router\\index.js:335:12)\n    at next (E:\\!!gg\\server\\node_modules\\express\\lib\\router\\index.js:275:10)\n    at SendStream.error (E:\\!!gg\\server\\node_modules\\serve-static\\index.js:121:7)\n    at SendStream.emit (events.js:314:20)","timestamp":"2020-07-31 16:09:01"}
{"message":"-------mail send---------","level":"info","timestamp":"2020-07-31 16:09:01"}
{"message":"-------send event---------","level":"info","timestamp":"2020-07-31 16:09:01"}
{"message":"\u001b[0mGET / \u001b[0m- \u001b[0m- ms - -\u001b[0m\n","level":"info","timestamp":"2020-07-31 16:09:04"}
{"name":"TEST","httpCode":404,"isOperational":"detailed explanation","level":"error","message":"Error message from the centralized error-handling component true","stack":"TEST: true\n    at new BaseError (E:\\!!gg\\server\\error\\BaseError.js:10:15)\n    at new APIError (E:\\!!gg\\server\\error\\BaseError.js:16:9)\n    at E:\\!!gg\\server\\app.js:65:10\n    at Layer.handle [as handle_request] (E:\\!!gg\\server\\node_modules\\express\\lib\\router\\layer.js:95:5)\n    at trim_prefix (E:\\!!gg\\server\\node_modules\\express\\lib\\router\\index.js:317:13)\n    at E:\\!!gg\\server\\node_modules\\express\\lib\\router\\index.js:284:7\n    at Function.process_params (E:\\!!gg\\server\\node_modules\\express\\lib\\router\\index.js:335:12)\n    at next (E:\\!!gg\\server\\node_modules\\express\\lib\\router\\index.js:275:10)\n    at SendStream.error (E:\\!!gg\\server\\node_modules\\serve-static\\index.js:121:7)\n    at SendStream.emit (events.js:314:20)","timestamp":"2020-07-31 16:09:04"}
{"message":"-------mail send---------","level":"info","timestamp":"2020-07-31 16:09:04"}
{"message":"-------send event---------","level":"info","timestamp":"2020-07-31 16:09:04"}
{"message":"server start..","level":"info","timestamp":"2020-07-31 16:09:08"}
{"name":"TEST","httpCode":404,"isOperational":"detailed explanation","level":"error","message":"Error message from the centralized error-handling component true","stack":"TEST: true\n    at new BaseError (E:\\!!gg\\server\\error\\BaseError.js:10:15)\n    at new APIError (E:\\!!gg\\server\\error\\BaseError.js:16:9)\n    at E:\\!!gg\\server\\app.js:65:10\n    at Layer.handle [as handle_request] (E:\\!!gg\\server\\node_modules\\express\\lib\\router\\layer.js:95:5)\n    at trim_prefix (E:\\!!gg\\server\\node_modules\\express\\lib\\router\\index.js:317:13)\n    at E:\\!!gg\\server\\node_modules\\express\\lib\\router\\index.js:284:7\n    at Function.process_params (E:\\!!gg\\server\\node_modules\\express\\lib\\router\\index.js:335:12)\n    at next (E:\\!!gg\\server\\node_modules\\express\\lib\\router\\index.js:275:10)\n    at SendStream.error (E:\\!!gg\\server\\node_modules\\serve-static\\index.js:121:7)\n    at SendStream.emit (events.js:314:20)","timestamp":"2020-07-31 16:09:08"}
{"message":"-------mail send---------","level":"info","timestamp":"2020-07-31 16:09:08"}
{"message":"-------send event---------","level":"info","timestamp":"2020-07-31 16:09:08"}
